CRITICAL - 2024-09-02 10:39:11 --> Error: Attempt to assign property "total_propinas" on null
[Method: GET, Route: dias/list/assets/img/icon/192x192.png]
in APPPATH/Controllers/Dias.php on line 192.
 1 SYSTEMPATH/CodeIgniter.php(933): App\Controllers\Dias->list()
 2 SYSTEMPATH/CodeIgniter.php(509): CodeIgniter\CodeIgniter->runController()
 3 SYSTEMPATH/CodeIgniter.php(355): CodeIgniter\CodeIgniter->handleRequest()
 4 SYSTEMPATH/Boot.php(312): CodeIgniter\CodeIgniter->run()
 5 SYSTEMPATH/Boot.php(67): CodeIgniter\Boot::runCodeIgniter()
 6 FCPATH/index.php(56): CodeIgniter\Boot::bootWeb()
CRITICAL - 2024-09-02 10:39:11 --> Error: Attempt to assign property "total_propinas" on null
[Method: GET, Route: dias/list/assets/img/icon/192x192.png]
in APPPATH/Controllers/Dias.php on line 192.
 1 SYSTEMPATH/CodeIgniter.php(933): App\Controllers\Dias->list()
 2 SYSTEMPATH/CodeIgniter.php(509): CodeIgniter\CodeIgniter->runController()
 3 SYSTEMPATH/CodeIgniter.php(355): CodeIgniter\CodeIgniter->handleRequest()
 4 SYSTEMPATH/Boot.php(312): CodeIgniter\CodeIgniter->run()
 5 SYSTEMPATH/Boot.php(67): CodeIgniter\Boot::runCodeIgniter()
 6 FCPATH/index.php(56): CodeIgniter\Boot::bootWeb()
CRITICAL - 2024-09-02 10:39:11 --> Error: Attempt to assign property "total_propinas" on null
[Method: GET, Route: dias/list/__manifest.json]
in APPPATH/Controllers/Dias.php on line 192.
 1 SYSTEMPATH/CodeIgniter.php(933): App\Controllers\Dias->list()
 2 SYSTEMPATH/CodeIgniter.php(509): CodeIgniter\CodeIgniter->runController()
 3 SYSTEMPATH/CodeIgniter.php(355): CodeIgniter\CodeIgniter->handleRequest()
 4 SYSTEMPATH/Boot.php(312): CodeIgniter\CodeIgniter->run()
 5 SYSTEMPATH/Boot.php(67): CodeIgniter\Boot::runCodeIgniter()
 6 FCPATH/index.php(56): CodeIgniter\Boot::bootWeb()
CRITICAL - 2024-09-02 10:39:35 --> Error: Attempt to assign property "total_propinas" on null
[Method: GET, Route: dias/list/assets/img/icon/192x192.png]
in APPPATH/Controllers/Dias.php on line 192.
 1 SYSTEMPATH/CodeIgniter.php(933): App\Controllers\Dias->list()
 2 SYSTEMPATH/CodeIgniter.php(509): CodeIgniter\CodeIgniter->runController()
 3 SYSTEMPATH/CodeIgniter.php(355): CodeIgniter\CodeIgniter->handleRequest()
 4 SYSTEMPATH/Boot.php(312): CodeIgniter\CodeIgniter->run()
 5 SYSTEMPATH/Boot.php(67): CodeIgniter\Boot::runCodeIgniter()
 6 FCPATH/index.php(56): CodeIgniter\Boot::bootWeb()
CRITICAL - 2024-09-02 10:39:35 --> Error: Attempt to assign property "total_propinas" on null
[Method: GET, Route: dias/list/__manifest.json]
in APPPATH/Controllers/Dias.php on line 192.
 1 SYSTEMPATH/CodeIgniter.php(933): App\Controllers\Dias->list()
 2 SYSTEMPATH/CodeIgniter.php(509): CodeIgniter\CodeIgniter->runController()
 3 SYSTEMPATH/CodeIgniter.php(355): CodeIgniter\CodeIgniter->handleRequest()
 4 SYSTEMPATH/Boot.php(312): CodeIgniter\CodeIgniter->run()
 5 SYSTEMPATH/Boot.php(67): CodeIgniter\Boot::runCodeIgniter()
 6 FCPATH/index.php(56): CodeIgniter\Boot::bootWeb()
CRITICAL - 2024-09-02 10:40:33 --> Error: Attempt to assign property "total_propinas" on null
[Method: GET, Route: dias/list/assets/img/icon/192x192.png]
in APPPATH/Controllers/Dias.php on line 192.
 1 SYSTEMPATH/CodeIgniter.php(933): App\Controllers\Dias->list()
 2 SYSTEMPATH/CodeIgniter.php(509): CodeIgniter\CodeIgniter->runController()
 3 SYSTEMPATH/CodeIgniter.php(355): CodeIgniter\CodeIgniter->handleRequest()
 4 SYSTEMPATH/Boot.php(312): CodeIgniter\CodeIgniter->run()
 5 SYSTEMPATH/Boot.php(67): CodeIgniter\Boot::runCodeIgniter()
 6 FCPATH/index.php(56): CodeIgniter\Boot::bootWeb()
CRITICAL - 2024-09-02 10:40:33 --> Error: Attempt to assign property "total_propinas" on null
[Method: GET, Route: dias/list/__manifest.json]
in APPPATH/Controllers/Dias.php on line 192.
 1 SYSTEMPATH/CodeIgniter.php(933): App\Controllers\Dias->list()
 2 SYSTEMPATH/CodeIgniter.php(509): CodeIgniter\CodeIgniter->runController()
 3 SYSTEMPATH/CodeIgniter.php(355): CodeIgniter\CodeIgniter->handleRequest()
 4 SYSTEMPATH/Boot.php(312): CodeIgniter\CodeIgniter->run()
 5 SYSTEMPATH/Boot.php(67): CodeIgniter\Boot::runCodeIgniter()
 6 FCPATH/index.php(56): CodeIgniter\Boot::bootWeb()
CRITICAL - 2024-09-02 10:40:38 --> ErrorException: Attempt to read property "kms_recogida" on null
[Method: GET, Route: viajes/detail/assets/img/icon/192x192.png]
in APPPATH/Controllers/Viajes.php on line 159.
 1 APPPATH/Controllers/Viajes.php(159): CodeIgniter\Debug\Exceptions->errorHandler()
 2 SYSTEMPATH/CodeIgniter.php(933): App\Controllers\Viajes->detail()
 3 SYSTEMPATH/CodeIgniter.php(509): CodeIgniter\CodeIgniter->runController()
 4 SYSTEMPATH/CodeIgniter.php(355): CodeIgniter\CodeIgniter->handleRequest()
 5 SYSTEMPATH/Boot.php(312): CodeIgniter\CodeIgniter->run()
 6 SYSTEMPATH/Boot.php(67): CodeIgniter\Boot::runCodeIgniter()
 7 FCPATH/index.php(56): CodeIgniter\Boot::bootWeb()
CRITICAL - 2024-09-02 10:40:38 --> ErrorException: Attempt to read property "kms_recogida" on null
[Method: GET, Route: viajes/detail/__manifest.json]
in APPPATH/Controllers/Viajes.php on line 159.
 1 APPPATH/Controllers/Viajes.php(159): CodeIgniter\Debug\Exceptions->errorHandler()
 2 SYSTEMPATH/CodeIgniter.php(933): App\Controllers\Viajes->detail()
 3 SYSTEMPATH/CodeIgniter.php(509): CodeIgniter\CodeIgniter->runController()
 4 SYSTEMPATH/CodeIgniter.php(355): CodeIgniter\CodeIgniter->handleRequest()
 5 SYSTEMPATH/Boot.php(312): CodeIgniter\CodeIgniter->run()
 6 SYSTEMPATH/Boot.php(67): CodeIgniter\Boot::runCodeIgniter()
 7 FCPATH/index.php(56): CodeIgniter\Boot::bootWeb()
CRITICAL - 2024-09-02 10:40:41 --> Error: Attempt to assign property "total_propinas" on null
[Method: GET, Route: dias/list/assets/img/icon/192x192.png]
in APPPATH/Controllers/Dias.php on line 192.
 1 SYSTEMPATH/CodeIgniter.php(933): App\Controllers\Dias->list()
 2 SYSTEMPATH/CodeIgniter.php(509): CodeIgniter\CodeIgniter->runController()
 3 SYSTEMPATH/CodeIgniter.php(355): CodeIgniter\CodeIgniter->handleRequest()
 4 SYSTEMPATH/Boot.php(312): CodeIgniter\CodeIgniter->run()
 5 SYSTEMPATH/Boot.php(67): CodeIgniter\Boot::runCodeIgniter()
 6 FCPATH/index.php(56): CodeIgniter\Boot::bootWeb()
CRITICAL - 2024-09-02 10:40:42 --> Error: Attempt to assign property "total_propinas" on null
[Method: GET, Route: dias/list/__manifest.json]
in APPPATH/Controllers/Dias.php on line 192.
 1 SYSTEMPATH/CodeIgniter.php(933): App\Controllers\Dias->list()
 2 SYSTEMPATH/CodeIgniter.php(509): CodeIgniter\CodeIgniter->runController()
 3 SYSTEMPATH/CodeIgniter.php(355): CodeIgniter\CodeIgniter->handleRequest()
 4 SYSTEMPATH/Boot.php(312): CodeIgniter\CodeIgniter->run()
 5 SYSTEMPATH/Boot.php(67): CodeIgniter\Boot::runCodeIgniter()
 6 FCPATH/index.php(56): CodeIgniter\Boot::bootWeb()
CRITICAL - 2024-09-02 11:08:31 --> ErrorException: Attempt to read property "kms_recogida" on null
[Method: GET, Route: viajes/detail/assets/img/icon/192x192.png]
in APPPATH/Controllers/Viajes.php on line 159.
 1 APPPATH/Controllers/Viajes.php(159): CodeIgniter\Debug\Exceptions->errorHandler()
 2 SYSTEMPATH/CodeIgniter.php(933): App\Controllers\Viajes->detail()
 3 SYSTEMPATH/CodeIgniter.php(509): CodeIgniter\CodeIgniter->runController()
 4 SYSTEMPATH/CodeIgniter.php(355): CodeIgniter\CodeIgniter->handleRequest()
 5 SYSTEMPATH/Boot.php(312): CodeIgniter\CodeIgniter->run()
 6 SYSTEMPATH/Boot.php(67): CodeIgniter\Boot::runCodeIgniter()
 7 FCPATH/index.php(56): CodeIgniter\Boot::bootWeb()
CRITICAL - 2024-09-02 11:08:31 --> ErrorException: Attempt to read property "kms_recogida" on null
[Method: GET, Route: viajes/detail/__manifest.json]
in APPPATH/Controllers/Viajes.php on line 159.
 1 APPPATH/Controllers/Viajes.php(159): CodeIgniter\Debug\Exceptions->errorHandler()
 2 SYSTEMPATH/CodeIgniter.php(933): App\Controllers\Viajes->detail()
 3 SYSTEMPATH/CodeIgniter.php(509): CodeIgniter\CodeIgniter->runController()
 4 SYSTEMPATH/CodeIgniter.php(355): CodeIgniter\CodeIgniter->handleRequest()
 5 SYSTEMPATH/Boot.php(312): CodeIgniter\CodeIgniter->run()
 6 SYSTEMPATH/Boot.php(67): CodeIgniter\Boot::runCodeIgniter()
 7 FCPATH/index.php(56): CodeIgniter\Boot::bootWeb()
CRITICAL - 2024-09-02 11:08:39 --> ErrorException: Attempt to read property "dia_id" on null
[Method: GET, Route: viajes/edit/assets/img/icon/192x192.png]
in APPPATH/Views/viajes/edit.php on line 8.
 1 APPPATH/Views/viajes/edit.php(8): CodeIgniter\Debug\Exceptions->errorHandler()
 2 SYSTEMPATH/View/View.php(234): include('/var/www/rides/app/Views/viajes/edit.php')
 3 SYSTEMPATH/View/View.php(237): CodeIgniter\View\View->CodeIgniter\View\{closure}()
 4 SYSTEMPATH/Common.php(1171): CodeIgniter\View\View->render()
 5 APPPATH/Controllers/Viajes.php(190): view()
 6 SYSTEMPATH/CodeIgniter.php(933): App\Controllers\Viajes->edit()
 7 SYSTEMPATH/CodeIgniter.php(509): CodeIgniter\CodeIgniter->runController()
 8 SYSTEMPATH/CodeIgniter.php(355): CodeIgniter\CodeIgniter->handleRequest()
 9 SYSTEMPATH/Boot.php(312): CodeIgniter\CodeIgniter->run()
10 SYSTEMPATH/Boot.php(67): CodeIgniter\Boot::runCodeIgniter()
11 FCPATH/index.php(56): CodeIgniter\Boot::bootWeb()
CRITICAL - 2024-09-02 11:08:39 --> ErrorException: Attempt to read property "dia_id" on null
[Method: GET, Route: viajes/edit/__manifest.json]
in APPPATH/Views/viajes/edit.php on line 8.
 1 APPPATH/Views/viajes/edit.php(8): CodeIgniter\Debug\Exceptions->errorHandler()
 2 SYSTEMPATH/View/View.php(234): include('/var/www/rides/app/Views/viajes/edit.php')
 3 SYSTEMPATH/View/View.php(237): CodeIgniter\View\View->CodeIgniter\View\{closure}()
 4 SYSTEMPATH/Common.php(1171): CodeIgniter\View\View->render()
 5 APPPATH/Controllers/Viajes.php(190): view()
 6 SYSTEMPATH/CodeIgniter.php(933): App\Controllers\Viajes->edit()
 7 SYSTEMPATH/CodeIgniter.php(509): CodeIgniter\CodeIgniter->runController()
 8 SYSTEMPATH/CodeIgniter.php(355): CodeIgniter\CodeIgniter->handleRequest()
 9 SYSTEMPATH/Boot.php(312): CodeIgniter\CodeIgniter->run()
10 SYSTEMPATH/Boot.php(67): CodeIgniter\Boot::runCodeIgniter()
11 FCPATH/index.php(56): CodeIgniter\Boot::bootWeb()
CRITICAL - 2024-09-02 11:08:56 --> Error: Attempt to assign property "total_propinas" on null
[Method: GET, Route: dias/list/assets/img/icon/192x192.png]
in APPPATH/Controllers/Dias.php on line 192.
 1 SYSTEMPATH/CodeIgniter.php(933): App\Controllers\Dias->list()
 2 SYSTEMPATH/CodeIgniter.php(509): CodeIgniter\CodeIgniter->runController()
 3 SYSTEMPATH/CodeIgniter.php(355): CodeIgniter\CodeIgniter->handleRequest()
 4 SYSTEMPATH/Boot.php(312): CodeIgniter\CodeIgniter->run()
 5 SYSTEMPATH/Boot.php(67): CodeIgniter\Boot::runCodeIgniter()
 6 FCPATH/index.php(56): CodeIgniter\Boot::bootWeb()
CRITICAL - 2024-09-02 11:08:57 --> Error: Attempt to assign property "total_propinas" on null
[Method: GET, Route: dias/list/__manifest.json]
in APPPATH/Controllers/Dias.php on line 192.
 1 SYSTEMPATH/CodeIgniter.php(933): App\Controllers\Dias->list()
 2 SYSTEMPATH/CodeIgniter.php(509): CodeIgniter\CodeIgniter->runController()
 3 SYSTEMPATH/CodeIgniter.php(355): CodeIgniter\CodeIgniter->handleRequest()
 4 SYSTEMPATH/Boot.php(312): CodeIgniter\CodeIgniter->run()
 5 SYSTEMPATH/Boot.php(67): CodeIgniter\Boot::runCodeIgniter()
 6 FCPATH/index.php(56): CodeIgniter\Boot::bootWeb()
CRITICAL - 2024-09-02 11:09:04 --> ErrorException: Attempt to read property "kms_recogida" on null
[Method: GET, Route: viajes/detail/assets/img/icon/192x192.png]
in APPPATH/Controllers/Viajes.php on line 159.
 1 APPPATH/Controllers/Viajes.php(159): CodeIgniter\Debug\Exceptions->errorHandler()
 2 SYSTEMPATH/CodeIgniter.php(933): App\Controllers\Viajes->detail()
 3 SYSTEMPATH/CodeIgniter.php(509): CodeIgniter\CodeIgniter->runController()
 4 SYSTEMPATH/CodeIgniter.php(355): CodeIgniter\CodeIgniter->handleRequest()
 5 SYSTEMPATH/Boot.php(312): CodeIgniter\CodeIgniter->run()
 6 SYSTEMPATH/Boot.php(67): CodeIgniter\Boot::runCodeIgniter()
 7 FCPATH/index.php(56): CodeIgniter\Boot::bootWeb()
CRITICAL - 2024-09-02 11:09:05 --> ErrorException: Attempt to read property "kms_recogida" on null
[Method: GET, Route: viajes/detail/__manifest.json]
in APPPATH/Controllers/Viajes.php on line 159.
 1 APPPATH/Controllers/Viajes.php(159): CodeIgniter\Debug\Exceptions->errorHandler()
 2 SYSTEMPATH/CodeIgniter.php(933): App\Controllers\Viajes->detail()
 3 SYSTEMPATH/CodeIgniter.php(509): CodeIgniter\CodeIgniter->runController()
 4 SYSTEMPATH/CodeIgniter.php(355): CodeIgniter\CodeIgniter->handleRequest()
 5 SYSTEMPATH/Boot.php(312): CodeIgniter\CodeIgniter->run()
 6 SYSTEMPATH/Boot.php(67): CodeIgniter\Boot::runCodeIgniter()
 7 FCPATH/index.php(56): CodeIgniter\Boot::bootWeb()
CRITICAL - 2024-09-02 11:56:47 --> ErrorException: Attempt to read property "dia_id" on null
[Method: GET, Route: viajes/edit/assets/img/icon/192x192.png]
in APPPATH/Views/viajes/edit.php on line 8.
 1 APPPATH/Views/viajes/edit.php(8): CodeIgniter\Debug\Exceptions->errorHandler()
 2 SYSTEMPATH/View/View.php(234): include('/var/www/rides/app/Views/viajes/edit.php')
 3 SYSTEMPATH/View/View.php(237): CodeIgniter\View\View->CodeIgniter\View\{closure}()
 4 SYSTEMPATH/Common.php(1171): CodeIgniter\View\View->render()
 5 APPPATH/Controllers/Viajes.php(190): view()
 6 SYSTEMPATH/CodeIgniter.php(933): App\Controllers\Viajes->edit()
 7 SYSTEMPATH/CodeIgniter.php(509): CodeIgniter\CodeIgniter->runController()
 8 SYSTEMPATH/CodeIgniter.php(355): CodeIgniter\CodeIgniter->handleRequest()
 9 SYSTEMPATH/Boot.php(312): CodeIgniter\CodeIgniter->run()
10 SYSTEMPATH/Boot.php(67): CodeIgniter\Boot::runCodeIgniter()
11 FCPATH/index.php(56): CodeIgniter\Boot::bootWeb()
CRITICAL - 2024-09-02 11:56:52 --> ErrorException: Attempt to read property "dia_id" on null
[Method: GET, Route: viajes/edit/assets/img/icon/192x192.png]
in APPPATH/Views/viajes/edit.php on line 8.
 1 APPPATH/Views/viajes/edit.php(8): CodeIgniter\Debug\Exceptions->errorHandler()
 2 SYSTEMPATH/View/View.php(234): include('/var/www/rides/app/Views/viajes/edit.php')
 3 SYSTEMPATH/View/View.php(237): CodeIgniter\View\View->CodeIgniter\View\{closure}()
 4 SYSTEMPATH/Common.php(1171): CodeIgniter\View\View->render()
 5 APPPATH/Controllers/Viajes.php(190): view()
 6 SYSTEMPATH/CodeIgniter.php(933): App\Controllers\Viajes->edit()
 7 SYSTEMPATH/CodeIgniter.php(509): CodeIgniter\CodeIgniter->runController()
 8 SYSTEMPATH/CodeIgniter.php(355): CodeIgniter\CodeIgniter->handleRequest()
 9 SYSTEMPATH/Boot.php(312): CodeIgniter\CodeIgniter->run()
10 SYSTEMPATH/Boot.php(67): CodeIgniter\Boot::runCodeIgniter()
11 FCPATH/index.php(56): CodeIgniter\Boot::bootWeb()
CRITICAL - 2024-09-02 11:56:53 --> ErrorException: Attempt to read property "dia_id" on null
[Method: GET, Route: viajes/edit/__manifest.json]
in APPPATH/Views/viajes/edit.php on line 8.
 1 APPPATH/Views/viajes/edit.php(8): CodeIgniter\Debug\Exceptions->errorHandler()
 2 SYSTEMPATH/View/View.php(234): include('/var/www/rides/app/Views/viajes/edit.php')
 3 SYSTEMPATH/View/View.php(237): CodeIgniter\View\View->CodeIgniter\View\{closure}()
 4 SYSTEMPATH/Common.php(1171): CodeIgniter\View\View->render()
 5 APPPATH/Controllers/Viajes.php(190): view()
 6 SYSTEMPATH/CodeIgniter.php(933): App\Controllers\Viajes->edit()
 7 SYSTEMPATH/CodeIgniter.php(509): CodeIgniter\CodeIgniter->runController()
 8 SYSTEMPATH/CodeIgniter.php(355): CodeIgniter\CodeIgniter->handleRequest()
 9 SYSTEMPATH/Boot.php(312): CodeIgniter\CodeIgniter->run()
10 SYSTEMPATH/Boot.php(67): CodeIgniter\Boot::runCodeIgniter()
11 FCPATH/index.php(56): CodeIgniter\Boot::bootWeb()
CRITICAL - 2024-09-02 11:57:30 --> Error: Attempt to assign property "total_propinas" on null
[Method: GET, Route: dias/list/assets/img/icon/192x192.png]
in APPPATH/Controllers/Dias.php on line 192.
 1 SYSTEMPATH/CodeIgniter.php(933): App\Controllers\Dias->list()
 2 SYSTEMPATH/CodeIgniter.php(509): CodeIgniter\CodeIgniter->runController()
 3 SYSTEMPATH/CodeIgniter.php(355): CodeIgniter\CodeIgniter->handleRequest()
 4 SYSTEMPATH/Boot.php(312): CodeIgniter\CodeIgniter->run()
 5 SYSTEMPATH/Boot.php(67): CodeIgniter\Boot::runCodeIgniter()
 6 FCPATH/index.php(56): CodeIgniter\Boot::bootWeb()
CRITICAL - 2024-09-02 11:57:31 --> Error: Attempt to assign property "total_propinas" on null
[Method: GET, Route: dias/list/__manifest.json]
in APPPATH/Controllers/Dias.php on line 192.
 1 SYSTEMPATH/CodeIgniter.php(933): App\Controllers\Dias->list()
 2 SYSTEMPATH/CodeIgniter.php(509): CodeIgniter\CodeIgniter->runController()
 3 SYSTEMPATH/CodeIgniter.php(355): CodeIgniter\CodeIgniter->handleRequest()
 4 SYSTEMPATH/Boot.php(312): CodeIgniter\CodeIgniter->run()
 5 SYSTEMPATH/Boot.php(67): CodeIgniter\Boot::runCodeIgniter()
 6 FCPATH/index.php(56): CodeIgniter\Boot::bootWeb()
CRITICAL - 2024-09-02 12:11:43 --> Error: Attempt to assign property "total_propinas" on null
[Method: GET, Route: dias/list/__manifest.json]
in APPPATH/Controllers/Dias.php on line 192.
 1 SYSTEMPATH/CodeIgniter.php(933): App\Controllers\Dias->list()
 2 SYSTEMPATH/CodeIgniter.php(509): CodeIgniter\CodeIgniter->runController()
 3 SYSTEMPATH/CodeIgniter.php(355): CodeIgniter\CodeIgniter->handleRequest()
 4 SYSTEMPATH/Boot.php(312): CodeIgniter\CodeIgniter->run()
 5 SYSTEMPATH/Boot.php(67): CodeIgniter\Boot::runCodeIgniter()
 6 FCPATH/index.php(56): CodeIgniter\Boot::bootWeb()
CRITICAL - 2024-09-02 12:11:45 --> Error: Attempt to assign property "total_propinas" on null
[Method: GET, Route: dias/list/assets/img/icon/192x192.png]
in APPPATH/Controllers/Dias.php on line 192.
 1 SYSTEMPATH/CodeIgniter.php(933): App\Controllers\Dias->list()
 2 SYSTEMPATH/CodeIgniter.php(509): CodeIgniter\CodeIgniter->runController()
 3 SYSTEMPATH/CodeIgniter.php(355): CodeIgniter\CodeIgniter->handleRequest()
 4 SYSTEMPATH/Boot.php(312): CodeIgniter\CodeIgniter->run()
 5 SYSTEMPATH/Boot.php(67): CodeIgniter\Boot::runCodeIgniter()
 6 FCPATH/index.php(56): CodeIgniter\Boot::bootWeb()
CRITICAL - 2024-09-02 13:01:23 --> Error: Attempt to assign property "total_propinas" on null
[Method: GET, Route: dias/list/assets/img/icon/192x192.png]
in APPPATH/Controllers/Dias.php on line 192.
 1 SYSTEMPATH/CodeIgniter.php(933): App\Controllers\Dias->list()
 2 SYSTEMPATH/CodeIgniter.php(509): CodeIgniter\CodeIgniter->runController()
 3 SYSTEMPATH/CodeIgniter.php(355): CodeIgniter\CodeIgniter->handleRequest()
 4 SYSTEMPATH/Boot.php(312): CodeIgniter\CodeIgniter->run()
 5 SYSTEMPATH/Boot.php(67): CodeIgniter\Boot::runCodeIgniter()
 6 FCPATH/index.php(56): CodeIgniter\Boot::bootWeb()
CRITICAL - 2024-09-02 13:01:24 --> Error: Attempt to assign property "total_propinas" on null
[Method: GET, Route: dias/list/__manifest.json]
in APPPATH/Controllers/Dias.php on line 192.
 1 SYSTEMPATH/CodeIgniter.php(933): App\Controllers\Dias->list()
 2 SYSTEMPATH/CodeIgniter.php(509): CodeIgniter\CodeIgniter->runController()
 3 SYSTEMPATH/CodeIgniter.php(355): CodeIgniter\CodeIgniter->handleRequest()
 4 SYSTEMPATH/Boot.php(312): CodeIgniter\CodeIgniter->run()
 5 SYSTEMPATH/Boot.php(67): CodeIgniter\Boot::runCodeIgniter()
 6 FCPATH/index.php(56): CodeIgniter\Boot::bootWeb()
CRITICAL - 2024-09-02 13:02:13 --> Error: Attempt to assign property "total_propinas" on null
[Method: GET, Route: dias/list/__manifest.json]
in APPPATH/Controllers/Dias.php on line 192.
 1 SYSTEMPATH/CodeIgniter.php(933): App\Controllers\Dias->list()
 2 SYSTEMPATH/CodeIgniter.php(509): CodeIgniter\CodeIgniter->runController()
 3 SYSTEMPATH/CodeIgniter.php(355): CodeIgniter\CodeIgniter->handleRequest()
 4 SYSTEMPATH/Boot.php(312): CodeIgniter\CodeIgniter->run()
 5 SYSTEMPATH/Boot.php(67): CodeIgniter\Boot::runCodeIgniter()
 6 FCPATH/index.php(56): CodeIgniter\Boot::bootWeb()
CRITICAL - 2024-09-02 13:02:13 --> Error: Attempt to assign property "total_propinas" on null
[Method: GET, Route: dias/list/assets/img/icon/192x192.png]
in APPPATH/Controllers/Dias.php on line 192.
 1 SYSTEMPATH/CodeIgniter.php(933): App\Controllers\Dias->list()
 2 SYSTEMPATH/CodeIgniter.php(509): CodeIgniter\CodeIgniter->runController()
 3 SYSTEMPATH/CodeIgniter.php(355): CodeIgniter\CodeIgniter->handleRequest()
 4 SYSTEMPATH/Boot.php(312): CodeIgniter\CodeIgniter->run()
 5 SYSTEMPATH/Boot.php(67): CodeIgniter\Boot::runCodeIgniter()
 6 FCPATH/index.php(56): CodeIgniter\Boot::bootWeb()
CRITICAL - 2024-09-02 14:20:28 --> Error: Attempt to assign property "total_propinas" on null
[Method: GET, Route: dias/list/27]
in APPPATH/Controllers/Dias.php on line 192.
 1 SYSTEMPATH/CodeIgniter.php(933): App\Controllers\Dias->list()
 2 SYSTEMPATH/CodeIgniter.php(509): CodeIgniter\CodeIgniter->runController()
 3 SYSTEMPATH/CodeIgniter.php(355): CodeIgniter\CodeIgniter->handleRequest()
 4 SYSTEMPATH/Boot.php(312): CodeIgniter\CodeIgniter->run()
 5 SYSTEMPATH/Boot.php(67): CodeIgniter\Boot::runCodeIgniter()
 6 FCPATH/index.php(56): CodeIgniter\Boot::bootWeb()
