CRITICAL - 2024-10-29 11:37:56 --> Error: Attempt to assign property "balance" on null
[Method: GET, Route: dias/list/__manifest.json]
in APPPATH/Controllers/Dias.php on line 161.
 1 SYSTEMPATH/CodeIgniter.php(933): App\Controllers\Dias->list()
 2 SYSTEMPATH/CodeIgniter.php(509): CodeIgniter\CodeIgniter->runController()
 3 SYSTEMPATH/CodeIgniter.php(355): CodeIgniter\CodeIgniter->handleRequest()
 4 SYSTEMPATH/Boot.php(312): CodeIgniter\CodeIgniter->run()
 5 SYSTEMPATH/Boot.php(67): CodeIgniter\Boot::runCodeIgniter()
 6 FCPATH/index.php(56): CodeIgniter\Boot::bootWeb()
CRITICAL - 2024-10-29 11:37:56 --> Error: Attempt to assign property "balance" on null
[Method: GET, Route: dias/list/assets/img/icon/192x192.png]
in APPPATH/Controllers/Dias.php on line 161.
 1 SYSTEMPATH/CodeIgniter.php(933): App\Controllers\Dias->list()
 2 SYSTEMPATH/CodeIgniter.php(509): CodeIgniter\CodeIgniter->runController()
 3 SYSTEMPATH/CodeIgniter.php(355): CodeIgniter\CodeIgniter->handleRequest()
 4 SYSTEMPATH/Boot.php(312): CodeIgniter\CodeIgniter->run()
 5 SYSTEMPATH/Boot.php(67): CodeIgniter\Boot::runCodeIgniter()
 6 FCPATH/index.php(56): CodeIgniter\Boot::bootWeb()
CRITICAL - 2024-10-29 11:38:16 --> Error: Attempt to assign property "balance" on null
[Method: GET, Route: dias/list/__manifest.json]
in APPPATH/Controllers/Dias.php on line 161.
 1 SYSTEMPATH/CodeIgniter.php(933): App\Controllers\Dias->list()
 2 SYSTEMPATH/CodeIgniter.php(509): CodeIgniter\CodeIgniter->runController()
 3 SYSTEMPATH/CodeIgniter.php(355): CodeIgniter\CodeIgniter->handleRequest()
 4 SYSTEMPATH/Boot.php(312): CodeIgniter\CodeIgniter->run()
 5 SYSTEMPATH/Boot.php(67): CodeIgniter\Boot::runCodeIgniter()
 6 FCPATH/index.php(56): CodeIgniter\Boot::bootWeb()
CRITICAL - 2024-10-29 11:38:16 --> Error: Attempt to assign property "balance" on null
[Method: GET, Route: dias/list/assets/img/icon/192x192.png]
in APPPATH/Controllers/Dias.php on line 161.
 1 SYSTEMPATH/CodeIgniter.php(933): App\Controllers\Dias->list()
 2 SYSTEMPATH/CodeIgniter.php(509): CodeIgniter\CodeIgniter->runController()
 3 SYSTEMPATH/CodeIgniter.php(355): CodeIgniter\CodeIgniter->handleRequest()
 4 SYSTEMPATH/Boot.php(312): CodeIgniter\CodeIgniter->run()
 5 SYSTEMPATH/Boot.php(67): CodeIgniter\Boot::runCodeIgniter()
 6 FCPATH/index.php(56): CodeIgniter\Boot::bootWeb()
CRITICAL - 2024-10-29 11:38:37 --> Error: Attempt to assign property "balance" on null
[Method: GET, Route: dias/list/__manifest.json]
in APPPATH/Controllers/Dias.php on line 161.
 1 SYSTEMPATH/CodeIgniter.php(933): App\Controllers\Dias->list()
 2 SYSTEMPATH/CodeIgniter.php(509): CodeIgniter\CodeIgniter->runController()
 3 SYSTEMPATH/CodeIgniter.php(355): CodeIgniter\CodeIgniter->handleRequest()
 4 SYSTEMPATH/Boot.php(312): CodeIgniter\CodeIgniter->run()
 5 SYSTEMPATH/Boot.php(67): CodeIgniter\Boot::runCodeIgniter()
 6 FCPATH/index.php(56): CodeIgniter\Boot::bootWeb()
CRITICAL - 2024-10-29 11:38:37 --> Error: Attempt to assign property "balance" on null
[Method: GET, Route: dias/list/assets/img/icon/192x192.png]
in APPPATH/Controllers/Dias.php on line 161.
 1 SYSTEMPATH/CodeIgniter.php(933): App\Controllers\Dias->list()
 2 SYSTEMPATH/CodeIgniter.php(509): CodeIgniter\CodeIgniter->runController()
 3 SYSTEMPATH/CodeIgniter.php(355): CodeIgniter\CodeIgniter->handleRequest()
 4 SYSTEMPATH/Boot.php(312): CodeIgniter\CodeIgniter->run()
 5 SYSTEMPATH/Boot.php(67): CodeIgniter\Boot::runCodeIgniter()
 6 FCPATH/index.php(56): CodeIgniter\Boot::bootWeb()
CRITICAL - 2024-10-29 11:40:10 --> Error: Attempt to assign property "balance" on null
[Method: GET, Route: dias/list/__manifest.json]
in APPPATH/Controllers/Dias.php on line 161.
 1 SYSTEMPATH/CodeIgniter.php(933): App\Controllers\Dias->list()
 2 SYSTEMPATH/CodeIgniter.php(509): CodeIgniter\CodeIgniter->runController()
 3 SYSTEMPATH/CodeIgniter.php(355): CodeIgniter\CodeIgniter->handleRequest()
 4 SYSTEMPATH/Boot.php(312): CodeIgniter\CodeIgniter->run()
 5 SYSTEMPATH/Boot.php(67): CodeIgniter\Boot::runCodeIgniter()
 6 FCPATH/index.php(56): CodeIgniter\Boot::bootWeb()
CRITICAL - 2024-10-29 11:40:11 --> Error: Attempt to assign property "balance" on null
[Method: GET, Route: dias/list/assets/img/icon/192x192.png]
in APPPATH/Controllers/Dias.php on line 161.
 1 SYSTEMPATH/CodeIgniter.php(933): App\Controllers\Dias->list()
 2 SYSTEMPATH/CodeIgniter.php(509): CodeIgniter\CodeIgniter->runController()
 3 SYSTEMPATH/CodeIgniter.php(355): CodeIgniter\CodeIgniter->handleRequest()
 4 SYSTEMPATH/Boot.php(312): CodeIgniter\CodeIgniter->run()
 5 SYSTEMPATH/Boot.php(67): CodeIgniter\Boot::runCodeIgniter()
 6 FCPATH/index.php(56): CodeIgniter\Boot::bootWeb()
CRITICAL - 2024-10-29 12:25:00 --> Error: Attempt to assign property "balance" on null
[Method: GET, Route: dias/list/__manifest.json]
in APPPATH/Controllers/Dias.php on line 161.
 1 SYSTEMPATH/CodeIgniter.php(933): App\Controllers\Dias->list()
 2 SYSTEMPATH/CodeIgniter.php(509): CodeIgniter\CodeIgniter->runController()
 3 SYSTEMPATH/CodeIgniter.php(355): CodeIgniter\CodeIgniter->handleRequest()
 4 SYSTEMPATH/Boot.php(312): CodeIgniter\CodeIgniter->run()
 5 SYSTEMPATH/Boot.php(67): CodeIgniter\Boot::runCodeIgniter()
 6 FCPATH/index.php(56): CodeIgniter\Boot::bootWeb()
CRITICAL - 2024-10-29 12:25:01 --> Error: Attempt to assign property "balance" on null
[Method: GET, Route: dias/list/assets/img/icon/192x192.png]
in APPPATH/Controllers/Dias.php on line 161.
 1 SYSTEMPATH/CodeIgniter.php(933): App\Controllers\Dias->list()
 2 SYSTEMPATH/CodeIgniter.php(509): CodeIgniter\CodeIgniter->runController()
 3 SYSTEMPATH/CodeIgniter.php(355): CodeIgniter\CodeIgniter->handleRequest()
 4 SYSTEMPATH/Boot.php(312): CodeIgniter\CodeIgniter->run()
 5 SYSTEMPATH/Boot.php(67): CodeIgniter\Boot::runCodeIgniter()
 6 FCPATH/index.php(56): CodeIgniter\Boot::bootWeb()
CRITICAL - 2024-10-29 13:23:51 --> ErrorException: Attempt to read property "kms_recogida" on null
[Method: GET, Route: viajes/detail/__manifest.json]
in APPPATH/Controllers/Viajes.php on line 197.
 1 APPPATH/Controllers/Viajes.php(197): CodeIgniter\Debug\Exceptions->errorHandler()
 2 SYSTEMPATH/CodeIgniter.php(933): App\Controllers\Viajes->detail()
 3 SYSTEMPATH/CodeIgniter.php(509): CodeIgniter\CodeIgniter->runController()
 4 SYSTEMPATH/CodeIgniter.php(355): CodeIgniter\CodeIgniter->handleRequest()
 5 SYSTEMPATH/Boot.php(312): CodeIgniter\CodeIgniter->run()
 6 SYSTEMPATH/Boot.php(67): CodeIgniter\Boot::runCodeIgniter()
 7 FCPATH/index.php(56): CodeIgniter\Boot::bootWeb()
CRITICAL - 2024-10-29 13:23:52 --> ErrorException: Attempt to read property "kms_recogida" on null
[Method: GET, Route: viajes/detail/assets/img/icon/192x192.png]
in APPPATH/Controllers/Viajes.php on line 197.
 1 APPPATH/Controllers/Viajes.php(197): CodeIgniter\Debug\Exceptions->errorHandler()
 2 SYSTEMPATH/CodeIgniter.php(933): App\Controllers\Viajes->detail()
 3 SYSTEMPATH/CodeIgniter.php(509): CodeIgniter\CodeIgniter->runController()
 4 SYSTEMPATH/CodeIgniter.php(355): CodeIgniter\CodeIgniter->handleRequest()
 5 SYSTEMPATH/Boot.php(312): CodeIgniter\CodeIgniter->run()
 6 SYSTEMPATH/Boot.php(67): CodeIgniter\Boot::runCodeIgniter()
 7 FCPATH/index.php(56): CodeIgniter\Boot::bootWeb()
CRITICAL - 2024-10-29 13:23:54 --> ErrorException: Attempt to read property "mins_recogida" on null
[Method: GET, Route: viajes/edit/__manifest.json]
in APPPATH/Controllers/Viajes.php on line 105.
 1 APPPATH/Controllers/Viajes.php(105): CodeIgniter\Debug\Exceptions->errorHandler()
 2 SYSTEMPATH/CodeIgniter.php(933): App\Controllers\Viajes->edit()
 3 SYSTEMPATH/CodeIgniter.php(509): CodeIgniter\CodeIgniter->runController()
 4 SYSTEMPATH/CodeIgniter.php(355): CodeIgniter\CodeIgniter->handleRequest()
 5 SYSTEMPATH/Boot.php(312): CodeIgniter\CodeIgniter->run()
 6 SYSTEMPATH/Boot.php(67): CodeIgniter\Boot::runCodeIgniter()
 7 FCPATH/index.php(56): CodeIgniter\Boot::bootWeb()
CRITICAL - 2024-10-29 13:23:54 --> ErrorException: Attempt to read property "mins_recogida" on null
[Method: GET, Route: viajes/edit/assets/img/icon/192x192.png]
in APPPATH/Controllers/Viajes.php on line 105.
 1 APPPATH/Controllers/Viajes.php(105): CodeIgniter\Debug\Exceptions->errorHandler()
 2 SYSTEMPATH/CodeIgniter.php(933): App\Controllers\Viajes->edit()
 3 SYSTEMPATH/CodeIgniter.php(509): CodeIgniter\CodeIgniter->runController()
 4 SYSTEMPATH/CodeIgniter.php(355): CodeIgniter\CodeIgniter->handleRequest()
 5 SYSTEMPATH/Boot.php(312): CodeIgniter\CodeIgniter->run()
 6 SYSTEMPATH/Boot.php(67): CodeIgniter\Boot::runCodeIgniter()
 7 FCPATH/index.php(56): CodeIgniter\Boot::bootWeb()
CRITICAL - 2024-10-29 13:24:01 --> Error: Attempt to assign property "balance" on null
[Method: GET, Route: dias/list/__manifest.json]
in APPPATH/Controllers/Dias.php on line 161.
 1 SYSTEMPATH/CodeIgniter.php(933): App\Controllers\Dias->list()
 2 SYSTEMPATH/CodeIgniter.php(509): CodeIgniter\CodeIgniter->runController()
 3 SYSTEMPATH/CodeIgniter.php(355): CodeIgniter\CodeIgniter->handleRequest()
 4 SYSTEMPATH/Boot.php(312): CodeIgniter\CodeIgniter->run()
 5 SYSTEMPATH/Boot.php(67): CodeIgniter\Boot::runCodeIgniter()
 6 FCPATH/index.php(56): CodeIgniter\Boot::bootWeb()
CRITICAL - 2024-10-29 13:24:01 --> Error: Attempt to assign property "balance" on null
[Method: GET, Route: dias/list/assets/img/icon/192x192.png]
in APPPATH/Controllers/Dias.php on line 161.
 1 SYSTEMPATH/CodeIgniter.php(933): App\Controllers\Dias->list()
 2 SYSTEMPATH/CodeIgniter.php(509): CodeIgniter\CodeIgniter->runController()
 3 SYSTEMPATH/CodeIgniter.php(355): CodeIgniter\CodeIgniter->handleRequest()
 4 SYSTEMPATH/Boot.php(312): CodeIgniter\CodeIgniter->run()
 5 SYSTEMPATH/Boot.php(67): CodeIgniter\Boot::runCodeIgniter()
 6 FCPATH/index.php(56): CodeIgniter\Boot::bootWeb()
CRITICAL - 2024-10-29 16:40:47 --> Error: Attempt to assign property "balance" on null
[Method: GET, Route: dias/list/__manifest.json]
in APPPATH/Controllers/Dias.php on line 161.
 1 SYSTEMPATH/CodeIgniter.php(933): App\Controllers\Dias->list()
 2 SYSTEMPATH/CodeIgniter.php(509): CodeIgniter\CodeIgniter->runController()
 3 SYSTEMPATH/CodeIgniter.php(355): CodeIgniter\CodeIgniter->handleRequest()
 4 SYSTEMPATH/Boot.php(312): CodeIgniter\CodeIgniter->run()
 5 SYSTEMPATH/Boot.php(67): CodeIgniter\Boot::runCodeIgniter()
 6 FCPATH/index.php(56): CodeIgniter\Boot::bootWeb()
CRITICAL - 2024-10-29 16:40:47 --> Error: Attempt to assign property "balance" on null
[Method: GET, Route: dias/list/assets/img/icon/192x192.png]
in APPPATH/Controllers/Dias.php on line 161.
 1 SYSTEMPATH/CodeIgniter.php(933): App\Controllers\Dias->list()
 2 SYSTEMPATH/CodeIgniter.php(509): CodeIgniter\CodeIgniter->runController()
 3 SYSTEMPATH/CodeIgniter.php(355): CodeIgniter\CodeIgniter->handleRequest()
 4 SYSTEMPATH/Boot.php(312): CodeIgniter\CodeIgniter->run()
 5 SYSTEMPATH/Boot.php(67): CodeIgniter\Boot::runCodeIgniter()
 6 FCPATH/index.php(56): CodeIgniter\Boot::bootWeb()
CRITICAL - 2024-10-29 16:41:03 --> ErrorException: Attempt to read property "kms_recogida" on null
[Method: GET, Route: viajes/detail/__manifest.json]
in APPPATH/Controllers/Viajes.php on line 197.
 1 APPPATH/Controllers/Viajes.php(197): CodeIgniter\Debug\Exceptions->errorHandler()
 2 SYSTEMPATH/CodeIgniter.php(933): App\Controllers\Viajes->detail()
 3 SYSTEMPATH/CodeIgniter.php(509): CodeIgniter\CodeIgniter->runController()
 4 SYSTEMPATH/CodeIgniter.php(355): CodeIgniter\CodeIgniter->handleRequest()
 5 SYSTEMPATH/Boot.php(312): CodeIgniter\CodeIgniter->run()
 6 SYSTEMPATH/Boot.php(67): CodeIgniter\Boot::runCodeIgniter()
 7 FCPATH/index.php(56): CodeIgniter\Boot::bootWeb()
CRITICAL - 2024-10-29 16:41:03 --> ErrorException: Attempt to read property "kms_recogida" on null
[Method: GET, Route: viajes/detail/assets/img/icon/192x192.png]
in APPPATH/Controllers/Viajes.php on line 197.
 1 APPPATH/Controllers/Viajes.php(197): CodeIgniter\Debug\Exceptions->errorHandler()
 2 SYSTEMPATH/CodeIgniter.php(933): App\Controllers\Viajes->detail()
 3 SYSTEMPATH/CodeIgniter.php(509): CodeIgniter\CodeIgniter->runController()
 4 SYSTEMPATH/CodeIgniter.php(355): CodeIgniter\CodeIgniter->handleRequest()
 5 SYSTEMPATH/Boot.php(312): CodeIgniter\CodeIgniter->run()
 6 SYSTEMPATH/Boot.php(67): CodeIgniter\Boot::runCodeIgniter()
 7 FCPATH/index.php(56): CodeIgniter\Boot::bootWeb()
CRITICAL - 2024-10-29 16:41:16 --> Error: Attempt to assign property "balance" on null
[Method: GET, Route: dias/list/__manifest.json]
in APPPATH/Controllers/Dias.php on line 161.
 1 SYSTEMPATH/CodeIgniter.php(933): App\Controllers\Dias->list()
 2 SYSTEMPATH/CodeIgniter.php(509): CodeIgniter\CodeIgniter->runController()
 3 SYSTEMPATH/CodeIgniter.php(355): CodeIgniter\CodeIgniter->handleRequest()
 4 SYSTEMPATH/Boot.php(312): CodeIgniter\CodeIgniter->run()
 5 SYSTEMPATH/Boot.php(67): CodeIgniter\Boot::runCodeIgniter()
 6 FCPATH/index.php(56): CodeIgniter\Boot::bootWeb()
CRITICAL - 2024-10-29 16:41:16 --> Error: Attempt to assign property "balance" on null
[Method: GET, Route: dias/list/assets/img/icon/192x192.png]
in APPPATH/Controllers/Dias.php on line 161.
 1 SYSTEMPATH/CodeIgniter.php(933): App\Controllers\Dias->list()
 2 SYSTEMPATH/CodeIgniter.php(509): CodeIgniter\CodeIgniter->runController()
 3 SYSTEMPATH/CodeIgniter.php(355): CodeIgniter\CodeIgniter->handleRequest()
 4 SYSTEMPATH/Boot.php(312): CodeIgniter\CodeIgniter->run()
 5 SYSTEMPATH/Boot.php(67): CodeIgniter\Boot::runCodeIgniter()
 6 FCPATH/index.php(56): CodeIgniter\Boot::bootWeb()
CRITICAL - 2024-10-29 16:41:20 --> ErrorException: Attempt to read property "kms_recogida" on null
[Method: GET, Route: viajes/detail/__manifest.json]
in APPPATH/Controllers/Viajes.php on line 197.
 1 APPPATH/Controllers/Viajes.php(197): CodeIgniter\Debug\Exceptions->errorHandler()
 2 SYSTEMPATH/CodeIgniter.php(933): App\Controllers\Viajes->detail()
 3 SYSTEMPATH/CodeIgniter.php(509): CodeIgniter\CodeIgniter->runController()
 4 SYSTEMPATH/CodeIgniter.php(355): CodeIgniter\CodeIgniter->handleRequest()
 5 SYSTEMPATH/Boot.php(312): CodeIgniter\CodeIgniter->run()
 6 SYSTEMPATH/Boot.php(67): CodeIgniter\Boot::runCodeIgniter()
 7 FCPATH/index.php(56): CodeIgniter\Boot::bootWeb()
CRITICAL - 2024-10-29 16:41:21 --> ErrorException: Attempt to read property "kms_recogida" on null
[Method: GET, Route: viajes/detail/assets/img/icon/192x192.png]
in APPPATH/Controllers/Viajes.php on line 197.
 1 APPPATH/Controllers/Viajes.php(197): CodeIgniter\Debug\Exceptions->errorHandler()
 2 SYSTEMPATH/CodeIgniter.php(933): App\Controllers\Viajes->detail()
 3 SYSTEMPATH/CodeIgniter.php(509): CodeIgniter\CodeIgniter->runController()
 4 SYSTEMPATH/CodeIgniter.php(355): CodeIgniter\CodeIgniter->handleRequest()
 5 SYSTEMPATH/Boot.php(312): CodeIgniter\CodeIgniter->run()
 6 SYSTEMPATH/Boot.php(67): CodeIgniter\Boot::runCodeIgniter()
 7 FCPATH/index.php(56): CodeIgniter\Boot::bootWeb()
CRITICAL - 2024-10-29 16:41:32 --> Error: Attempt to assign property "balance" on null
[Method: GET, Route: dias/list/__manifest.json]
in APPPATH/Controllers/Dias.php on line 161.
 1 SYSTEMPATH/CodeIgniter.php(933): App\Controllers\Dias->list()
 2 SYSTEMPATH/CodeIgniter.php(509): CodeIgniter\CodeIgniter->runController()
 3 SYSTEMPATH/CodeIgniter.php(355): CodeIgniter\CodeIgniter->handleRequest()
 4 SYSTEMPATH/Boot.php(312): CodeIgniter\CodeIgniter->run()
 5 SYSTEMPATH/Boot.php(67): CodeIgniter\Boot::runCodeIgniter()
 6 FCPATH/index.php(56): CodeIgniter\Boot::bootWeb()
CRITICAL - 2024-10-29 16:41:32 --> Error: Attempt to assign property "balance" on null
[Method: GET, Route: dias/list/assets/img/icon/192x192.png]
in APPPATH/Controllers/Dias.php on line 161.
 1 SYSTEMPATH/CodeIgniter.php(933): App\Controllers\Dias->list()
 2 SYSTEMPATH/CodeIgniter.php(509): CodeIgniter\CodeIgniter->runController()
 3 SYSTEMPATH/CodeIgniter.php(355): CodeIgniter\CodeIgniter->handleRequest()
 4 SYSTEMPATH/Boot.php(312): CodeIgniter\CodeIgniter->run()
 5 SYSTEMPATH/Boot.php(67): CodeIgniter\Boot::runCodeIgniter()
 6 FCPATH/index.php(56): CodeIgniter\Boot::bootWeb()
CRITICAL - 2024-10-29 16:41:42 --> ErrorException: Attempt to read property "dia_id" on null
[Method: GET, Route: gastos/detail/__manifest.json]
in APPPATH/Views/gastos/detail.php on line 8.
 1 APPPATH/Views/gastos/detail.php(8): CodeIgniter\Debug\Exceptions->errorHandler()
 2 SYSTEMPATH/View/View.php(234): include('/var/www/rides/app/Views/gastos/detail.php')
 3 SYSTEMPATH/View/View.php(237): CodeIgniter\View\View->CodeIgniter\View\{closure}()
 4 SYSTEMPATH/Common.php(1171): CodeIgniter\View\View->render()
 5 APPPATH/Controllers/Gastos.php(153): view()
 6 SYSTEMPATH/CodeIgniter.php(933): App\Controllers\Gastos->detail()
 7 SYSTEMPATH/CodeIgniter.php(509): CodeIgniter\CodeIgniter->runController()
 8 SYSTEMPATH/CodeIgniter.php(355): CodeIgniter\CodeIgniter->handleRequest()
 9 SYSTEMPATH/Boot.php(312): CodeIgniter\CodeIgniter->run()
10 SYSTEMPATH/Boot.php(67): CodeIgniter\Boot::runCodeIgniter()
11 FCPATH/index.php(56): CodeIgniter\Boot::bootWeb()
CRITICAL - 2024-10-29 16:41:42 --> ErrorException: Attempt to read property "dia_id" on null
[Method: GET, Route: gastos/detail/assets/img/icon/192x192.png]
in APPPATH/Views/gastos/detail.php on line 8.
 1 APPPATH/Views/gastos/detail.php(8): CodeIgniter\Debug\Exceptions->errorHandler()
 2 SYSTEMPATH/View/View.php(234): include('/var/www/rides/app/Views/gastos/detail.php')
 3 SYSTEMPATH/View/View.php(237): CodeIgniter\View\View->CodeIgniter\View\{closure}()
 4 SYSTEMPATH/Common.php(1171): CodeIgniter\View\View->render()
 5 APPPATH/Controllers/Gastos.php(153): view()
 6 SYSTEMPATH/CodeIgniter.php(933): App\Controllers\Gastos->detail()
 7 SYSTEMPATH/CodeIgniter.php(509): CodeIgniter\CodeIgniter->runController()
 8 SYSTEMPATH/CodeIgniter.php(355): CodeIgniter\CodeIgniter->handleRequest()
 9 SYSTEMPATH/Boot.php(312): CodeIgniter\CodeIgniter->run()
10 SYSTEMPATH/Boot.php(67): CodeIgniter\Boot::runCodeIgniter()
11 FCPATH/index.php(56): CodeIgniter\Boot::bootWeb()
CRITICAL - 2024-10-29 16:41:55 --> ErrorException: Attempt to read property "dia_id" on null
[Method: GET, Route: gastos/edit/__manifest.json]
in APPPATH/Views/gastos/edit.php on line 8.
 1 APPPATH/Views/gastos/edit.php(8): CodeIgniter\Debug\Exceptions->errorHandler()
 2 SYSTEMPATH/View/View.php(234): include('/var/www/rides/app/Views/gastos/edit.php')
 3 SYSTEMPATH/View/View.php(237): CodeIgniter\View\View->CodeIgniter\View\{closure}()
 4 SYSTEMPATH/Common.php(1171): CodeIgniter\View\View->render()
 5 APPPATH/Controllers/Gastos.php(82): view()
 6 SYSTEMPATH/CodeIgniter.php(933): App\Controllers\Gastos->edit()
 7 SYSTEMPATH/CodeIgniter.php(509): CodeIgniter\CodeIgniter->runController()
 8 SYSTEMPATH/CodeIgniter.php(355): CodeIgniter\CodeIgniter->handleRequest()
 9 SYSTEMPATH/Boot.php(312): CodeIgniter\CodeIgniter->run()
10 SYSTEMPATH/Boot.php(67): CodeIgniter\Boot::runCodeIgniter()
11 FCPATH/index.php(56): CodeIgniter\Boot::bootWeb()
CRITICAL - 2024-10-29 16:41:55 --> ErrorException: Attempt to read property "dia_id" on null
[Method: GET, Route: gastos/edit/assets/img/icon/192x192.png]
in APPPATH/Views/gastos/edit.php on line 8.
 1 APPPATH/Views/gastos/edit.php(8): CodeIgniter\Debug\Exceptions->errorHandler()
 2 SYSTEMPATH/View/View.php(234): include('/var/www/rides/app/Views/gastos/edit.php')
 3 SYSTEMPATH/View/View.php(237): CodeIgniter\View\View->CodeIgniter\View\{closure}()
 4 SYSTEMPATH/Common.php(1171): CodeIgniter\View\View->render()
 5 APPPATH/Controllers/Gastos.php(82): view()
 6 SYSTEMPATH/CodeIgniter.php(933): App\Controllers\Gastos->edit()
 7 SYSTEMPATH/CodeIgniter.php(509): CodeIgniter\CodeIgniter->runController()
 8 SYSTEMPATH/CodeIgniter.php(355): CodeIgniter\CodeIgniter->handleRequest()
 9 SYSTEMPATH/Boot.php(312): CodeIgniter\CodeIgniter->run()
10 SYSTEMPATH/Boot.php(67): CodeIgniter\Boot::runCodeIgniter()
11 FCPATH/index.php(56): CodeIgniter\Boot::bootWeb()
CRITICAL - 2024-10-29 16:42:07 --> Error: Attempt to assign property "balance" on null
[Method: GET, Route: dias/list/__manifest.json]
in APPPATH/Controllers/Dias.php on line 161.
 1 SYSTEMPATH/CodeIgniter.php(933): App\Controllers\Dias->list()
 2 SYSTEMPATH/CodeIgniter.php(509): CodeIgniter\CodeIgniter->runController()
 3 SYSTEMPATH/CodeIgniter.php(355): CodeIgniter\CodeIgniter->handleRequest()
 4 SYSTEMPATH/Boot.php(312): CodeIgniter\CodeIgniter->run()
 5 SYSTEMPATH/Boot.php(67): CodeIgniter\Boot::runCodeIgniter()
 6 FCPATH/index.php(56): CodeIgniter\Boot::bootWeb()
CRITICAL - 2024-10-29 16:42:08 --> Error: Attempt to assign property "balance" on null
[Method: GET, Route: dias/list/assets/img/icon/192x192.png]
in APPPATH/Controllers/Dias.php on line 161.
 1 SYSTEMPATH/CodeIgniter.php(933): App\Controllers\Dias->list()
 2 SYSTEMPATH/CodeIgniter.php(509): CodeIgniter\CodeIgniter->runController()
 3 SYSTEMPATH/CodeIgniter.php(355): CodeIgniter\CodeIgniter->handleRequest()
 4 SYSTEMPATH/Boot.php(312): CodeIgniter\CodeIgniter->run()
 5 SYSTEMPATH/Boot.php(67): CodeIgniter\Boot::runCodeIgniter()
 6 FCPATH/index.php(56): CodeIgniter\Boot::bootWeb()
CRITICAL - 2024-10-29 16:42:11 --> ErrorException: Attempt to read property "dia_id" on null
[Method: GET, Route: gastos/detail/__manifest.json]
in APPPATH/Views/gastos/detail.php on line 8.
 1 APPPATH/Views/gastos/detail.php(8): CodeIgniter\Debug\Exceptions->errorHandler()
 2 SYSTEMPATH/View/View.php(234): include('/var/www/rides/app/Views/gastos/detail.php')
 3 SYSTEMPATH/View/View.php(237): CodeIgniter\View\View->CodeIgniter\View\{closure}()
 4 SYSTEMPATH/Common.php(1171): CodeIgniter\View\View->render()
 5 APPPATH/Controllers/Gastos.php(153): view()
 6 SYSTEMPATH/CodeIgniter.php(933): App\Controllers\Gastos->detail()
 7 SYSTEMPATH/CodeIgniter.php(509): CodeIgniter\CodeIgniter->runController()
 8 SYSTEMPATH/CodeIgniter.php(355): CodeIgniter\CodeIgniter->handleRequest()
 9 SYSTEMPATH/Boot.php(312): CodeIgniter\CodeIgniter->run()
10 SYSTEMPATH/Boot.php(67): CodeIgniter\Boot::runCodeIgniter()
11 FCPATH/index.php(56): CodeIgniter\Boot::bootWeb()
CRITICAL - 2024-10-29 16:42:11 --> ErrorException: Attempt to read property "dia_id" on null
[Method: GET, Route: gastos/detail/assets/img/icon/192x192.png]
in APPPATH/Views/gastos/detail.php on line 8.
 1 APPPATH/Views/gastos/detail.php(8): CodeIgniter\Debug\Exceptions->errorHandler()
 2 SYSTEMPATH/View/View.php(234): include('/var/www/rides/app/Views/gastos/detail.php')
 3 SYSTEMPATH/View/View.php(237): CodeIgniter\View\View->CodeIgniter\View\{closure}()
 4 SYSTEMPATH/Common.php(1171): CodeIgniter\View\View->render()
 5 APPPATH/Controllers/Gastos.php(153): view()
 6 SYSTEMPATH/CodeIgniter.php(933): App\Controllers\Gastos->detail()
 7 SYSTEMPATH/CodeIgniter.php(509): CodeIgniter\CodeIgniter->runController()
 8 SYSTEMPATH/CodeIgniter.php(355): CodeIgniter\CodeIgniter->handleRequest()
 9 SYSTEMPATH/Boot.php(312): CodeIgniter\CodeIgniter->run()
10 SYSTEMPATH/Boot.php(67): CodeIgniter\Boot::runCodeIgniter()
11 FCPATH/index.php(56): CodeIgniter\Boot::bootWeb()
CRITICAL - 2024-10-29 16:42:15 --> Error: Attempt to assign property "balance" on null
[Method: GET, Route: dias/list/__manifest.json]
in APPPATH/Controllers/Dias.php on line 161.
 1 SYSTEMPATH/CodeIgniter.php(933): App\Controllers\Dias->list()
 2 SYSTEMPATH/CodeIgniter.php(509): CodeIgniter\CodeIgniter->runController()
 3 SYSTEMPATH/CodeIgniter.php(355): CodeIgniter\CodeIgniter->handleRequest()
 4 SYSTEMPATH/Boot.php(312): CodeIgniter\CodeIgniter->run()
 5 SYSTEMPATH/Boot.php(67): CodeIgniter\Boot::runCodeIgniter()
 6 FCPATH/index.php(56): CodeIgniter\Boot::bootWeb()
CRITICAL - 2024-10-29 16:42:16 --> Error: Attempt to assign property "balance" on null
[Method: GET, Route: dias/list/assets/img/icon/192x192.png]
in APPPATH/Controllers/Dias.php on line 161.
 1 SYSTEMPATH/CodeIgniter.php(933): App\Controllers\Dias->list()
 2 SYSTEMPATH/CodeIgniter.php(509): CodeIgniter\CodeIgniter->runController()
 3 SYSTEMPATH/CodeIgniter.php(355): CodeIgniter\CodeIgniter->handleRequest()
 4 SYSTEMPATH/Boot.php(312): CodeIgniter\CodeIgniter->run()
 5 SYSTEMPATH/Boot.php(67): CodeIgniter\Boot::runCodeIgniter()
 6 FCPATH/index.php(56): CodeIgniter\Boot::bootWeb()
CRITICAL - 2024-10-29 21:01:13 --> Error: Attempt to assign property "balance" on null
[Method: GET, Route: dias/list/__manifest.json]
in APPPATH/Controllers/Dias.php on line 161.
 1 SYSTEMPATH/CodeIgniter.php(933): App\Controllers\Dias->list()
 2 SYSTEMPATH/CodeIgniter.php(509): CodeIgniter\CodeIgniter->runController()
 3 SYSTEMPATH/CodeIgniter.php(355): CodeIgniter\CodeIgniter->handleRequest()
 4 SYSTEMPATH/Boot.php(312): CodeIgniter\CodeIgniter->run()
 5 SYSTEMPATH/Boot.php(67): CodeIgniter\Boot::runCodeIgniter()
 6 FCPATH/index.php(56): CodeIgniter\Boot::bootWeb()
CRITICAL - 2024-10-29 21:01:14 --> Error: Attempt to assign property "balance" on null
[Method: GET, Route: dias/list/assets/img/icon/192x192.png]
in APPPATH/Controllers/Dias.php on line 161.
 1 SYSTEMPATH/CodeIgniter.php(933): App\Controllers\Dias->list()
 2 SYSTEMPATH/CodeIgniter.php(509): CodeIgniter\CodeIgniter->runController()
 3 SYSTEMPATH/CodeIgniter.php(355): CodeIgniter\CodeIgniter->handleRequest()
 4 SYSTEMPATH/Boot.php(312): CodeIgniter\CodeIgniter->run()
 5 SYSTEMPATH/Boot.php(67): CodeIgniter\Boot::runCodeIgniter()
 6 FCPATH/index.php(56): CodeIgniter\Boot::bootWeb()
CRITICAL - 2024-10-29 21:01:36 --> Error: Attempt to assign property "balance" on null
[Method: GET, Route: dias/list/__manifest.json]
in APPPATH/Controllers/Dias.php on line 161.
 1 SYSTEMPATH/CodeIgniter.php(933): App\Controllers\Dias->list()
 2 SYSTEMPATH/CodeIgniter.php(509): CodeIgniter\CodeIgniter->runController()
 3 SYSTEMPATH/CodeIgniter.php(355): CodeIgniter\CodeIgniter->handleRequest()
 4 SYSTEMPATH/Boot.php(312): CodeIgniter\CodeIgniter->run()
 5 SYSTEMPATH/Boot.php(67): CodeIgniter\Boot::runCodeIgniter()
 6 FCPATH/index.php(56): CodeIgniter\Boot::bootWeb()
CRITICAL - 2024-10-29 21:01:36 --> Error: Attempt to assign property "balance" on null
[Method: GET, Route: dias/list/assets/img/icon/192x192.png]
in APPPATH/Controllers/Dias.php on line 161.
 1 SYSTEMPATH/CodeIgniter.php(933): App\Controllers\Dias->list()
 2 SYSTEMPATH/CodeIgniter.php(509): CodeIgniter\CodeIgniter->runController()
 3 SYSTEMPATH/CodeIgniter.php(355): CodeIgniter\CodeIgniter->handleRequest()
 4 SYSTEMPATH/Boot.php(312): CodeIgniter\CodeIgniter->run()
 5 SYSTEMPATH/Boot.php(67): CodeIgniter\Boot::runCodeIgniter()
 6 FCPATH/index.php(56): CodeIgniter\Boot::bootWeb()
CRITICAL - 2024-10-29 21:52:22 --> Error: Attempt to assign property "balance" on null
[Method: GET, Route: dias/list/__manifest.json]
in APPPATH/Controllers/Dias.php on line 161.
 1 SYSTEMPATH/CodeIgniter.php(933): App\Controllers\Dias->list()
 2 SYSTEMPATH/CodeIgniter.php(509): CodeIgniter\CodeIgniter->runController()
 3 SYSTEMPATH/CodeIgniter.php(355): CodeIgniter\CodeIgniter->handleRequest()
 4 SYSTEMPATH/Boot.php(312): CodeIgniter\CodeIgniter->run()
 5 SYSTEMPATH/Boot.php(67): CodeIgniter\Boot::runCodeIgniter()
 6 FCPATH/index.php(56): CodeIgniter\Boot::bootWeb()
CRITICAL - 2024-10-29 21:52:23 --> Error: Attempt to assign property "balance" on null
[Method: GET, Route: dias/list/assets/img/icon/192x192.png]
in APPPATH/Controllers/Dias.php on line 161.
 1 SYSTEMPATH/CodeIgniter.php(933): App\Controllers\Dias->list()
 2 SYSTEMPATH/CodeIgniter.php(509): CodeIgniter\CodeIgniter->runController()
 3 SYSTEMPATH/CodeIgniter.php(355): CodeIgniter\CodeIgniter->handleRequest()
 4 SYSTEMPATH/Boot.php(312): CodeIgniter\CodeIgniter->run()
 5 SYSTEMPATH/Boot.php(67): CodeIgniter\Boot::runCodeIgniter()
 6 FCPATH/index.php(56): CodeIgniter\Boot::bootWeb()
CRITICAL - 2024-10-29 23:16:44 --> Error: Attempt to assign property "balance" on null
[Method: GET, Route: dias/list/__manifest.json]
in APPPATH/Controllers/Dias.php on line 161.
 1 SYSTEMPATH/CodeIgniter.php(933): App\Controllers\Dias->list()
 2 SYSTEMPATH/CodeIgniter.php(509): CodeIgniter\CodeIgniter->runController()
 3 SYSTEMPATH/CodeIgniter.php(355): CodeIgniter\CodeIgniter->handleRequest()
 4 SYSTEMPATH/Boot.php(312): CodeIgniter\CodeIgniter->run()
 5 SYSTEMPATH/Boot.php(67): CodeIgniter\Boot::runCodeIgniter()
 6 FCPATH/index.php(56): CodeIgniter\Boot::bootWeb()
CRITICAL - 2024-10-29 23:16:44 --> Error: Attempt to assign property "balance" on null
[Method: GET, Route: dias/list/assets/img/icon/192x192.png]
in APPPATH/Controllers/Dias.php on line 161.
 1 SYSTEMPATH/CodeIgniter.php(933): App\Controllers\Dias->list()
 2 SYSTEMPATH/CodeIgniter.php(509): CodeIgniter\CodeIgniter->runController()
 3 SYSTEMPATH/CodeIgniter.php(355): CodeIgniter\CodeIgniter->handleRequest()
 4 SYSTEMPATH/Boot.php(312): CodeIgniter\CodeIgniter->run()
 5 SYSTEMPATH/Boot.php(67): CodeIgniter\Boot::runCodeIgniter()
 6 FCPATH/index.php(56): CodeIgniter\Boot::bootWeb()
CRITICAL - 2024-10-29 23:17:36 --> Error: Attempt to assign property "balance" on null
[Method: GET, Route: dias/list/__manifest.json]
in APPPATH/Controllers/Dias.php on line 161.
 1 SYSTEMPATH/CodeIgniter.php(933): App\Controllers\Dias->list()
 2 SYSTEMPATH/CodeIgniter.php(509): CodeIgniter\CodeIgniter->runController()
 3 SYSTEMPATH/CodeIgniter.php(355): CodeIgniter\CodeIgniter->handleRequest()
 4 SYSTEMPATH/Boot.php(312): CodeIgniter\CodeIgniter->run()
 5 SYSTEMPATH/Boot.php(67): CodeIgniter\Boot::runCodeIgniter()
 6 FCPATH/index.php(56): CodeIgniter\Boot::bootWeb()
CRITICAL - 2024-10-29 23:17:36 --> Error: Attempt to assign property "balance" on null
[Method: GET, Route: dias/list/assets/img/icon/192x192.png]
in APPPATH/Controllers/Dias.php on line 161.
 1 SYSTEMPATH/CodeIgniter.php(933): App\Controllers\Dias->list()
 2 SYSTEMPATH/CodeIgniter.php(509): CodeIgniter\CodeIgniter->runController()
 3 SYSTEMPATH/CodeIgniter.php(355): CodeIgniter\CodeIgniter->handleRequest()
 4 SYSTEMPATH/Boot.php(312): CodeIgniter\CodeIgniter->run()
 5 SYSTEMPATH/Boot.php(67): CodeIgniter\Boot::runCodeIgniter()
 6 FCPATH/index.php(56): CodeIgniter\Boot::bootWeb()
CRITICAL - 2024-10-29 23:30:43 --> ErrorException: Attempt to read property "kms_recogida" on null
[Method: GET, Route: viajes/detail/__manifest.json]
in APPPATH/Controllers/Viajes.php on line 197.
 1 APPPATH/Controllers/Viajes.php(197): CodeIgniter\Debug\Exceptions->errorHandler()
 2 SYSTEMPATH/CodeIgniter.php(933): App\Controllers\Viajes->detail()
 3 SYSTEMPATH/CodeIgniter.php(509): CodeIgniter\CodeIgniter->runController()
 4 SYSTEMPATH/CodeIgniter.php(355): CodeIgniter\CodeIgniter->handleRequest()
 5 SYSTEMPATH/Boot.php(312): CodeIgniter\CodeIgniter->run()
 6 SYSTEMPATH/Boot.php(67): CodeIgniter\Boot::runCodeIgniter()
 7 FCPATH/index.php(56): CodeIgniter\Boot::bootWeb()
CRITICAL - 2024-10-29 23:30:43 --> ErrorException: Attempt to read property "kms_recogida" on null
[Method: GET, Route: viajes/detail/assets/img/icon/192x192.png]
in APPPATH/Controllers/Viajes.php on line 197.
 1 APPPATH/Controllers/Viajes.php(197): CodeIgniter\Debug\Exceptions->errorHandler()
 2 SYSTEMPATH/CodeIgniter.php(933): App\Controllers\Viajes->detail()
 3 SYSTEMPATH/CodeIgniter.php(509): CodeIgniter\CodeIgniter->runController()
 4 SYSTEMPATH/CodeIgniter.php(355): CodeIgniter\CodeIgniter->handleRequest()
 5 SYSTEMPATH/Boot.php(312): CodeIgniter\CodeIgniter->run()
 6 SYSTEMPATH/Boot.php(67): CodeIgniter\Boot::runCodeIgniter()
 7 FCPATH/index.php(56): CodeIgniter\Boot::bootWeb()
CRITICAL - 2024-10-29 23:30:50 --> ErrorException: Attempt to read property "mins_recogida" on null
[Method: GET, Route: viajes/edit/__manifest.json]
in APPPATH/Controllers/Viajes.php on line 105.
 1 APPPATH/Controllers/Viajes.php(105): CodeIgniter\Debug\Exceptions->errorHandler()
 2 SYSTEMPATH/CodeIgniter.php(933): App\Controllers\Viajes->edit()
 3 SYSTEMPATH/CodeIgniter.php(509): CodeIgniter\CodeIgniter->runController()
 4 SYSTEMPATH/CodeIgniter.php(355): CodeIgniter\CodeIgniter->handleRequest()
 5 SYSTEMPATH/Boot.php(312): CodeIgniter\CodeIgniter->run()
 6 SYSTEMPATH/Boot.php(67): CodeIgniter\Boot::runCodeIgniter()
 7 FCPATH/index.php(56): CodeIgniter\Boot::bootWeb()
CRITICAL - 2024-10-29 23:30:50 --> ErrorException: Attempt to read property "mins_recogida" on null
[Method: GET, Route: viajes/edit/assets/img/icon/192x192.png]
in APPPATH/Controllers/Viajes.php on line 105.
 1 APPPATH/Controllers/Viajes.php(105): CodeIgniter\Debug\Exceptions->errorHandler()
 2 SYSTEMPATH/CodeIgniter.php(933): App\Controllers\Viajes->edit()
 3 SYSTEMPATH/CodeIgniter.php(509): CodeIgniter\CodeIgniter->runController()
 4 SYSTEMPATH/CodeIgniter.php(355): CodeIgniter\CodeIgniter->handleRequest()
 5 SYSTEMPATH/Boot.php(312): CodeIgniter\CodeIgniter->run()
 6 SYSTEMPATH/Boot.php(67): CodeIgniter\Boot::runCodeIgniter()
 7 FCPATH/index.php(56): CodeIgniter\Boot::bootWeb()
CRITICAL - 2024-10-29 23:30:56 --> Error: Attempt to assign property "balance" on null
[Method: GET, Route: dias/list/__manifest.json]
in APPPATH/Controllers/Dias.php on line 161.
 1 SYSTEMPATH/CodeIgniter.php(933): App\Controllers\Dias->list()
 2 SYSTEMPATH/CodeIgniter.php(509): CodeIgniter\CodeIgniter->runController()
 3 SYSTEMPATH/CodeIgniter.php(355): CodeIgniter\CodeIgniter->handleRequest()
 4 SYSTEMPATH/Boot.php(312): CodeIgniter\CodeIgniter->run()
 5 SYSTEMPATH/Boot.php(67): CodeIgniter\Boot::runCodeIgniter()
 6 FCPATH/index.php(56): CodeIgniter\Boot::bootWeb()
CRITICAL - 2024-10-29 23:30:56 --> Error: Attempt to assign property "balance" on null
[Method: GET, Route: dias/list/assets/img/icon/192x192.png]
in APPPATH/Controllers/Dias.php on line 161.
 1 SYSTEMPATH/CodeIgniter.php(933): App\Controllers\Dias->list()
 2 SYSTEMPATH/CodeIgniter.php(509): CodeIgniter\CodeIgniter->runController()
 3 SYSTEMPATH/CodeIgniter.php(355): CodeIgniter\CodeIgniter->handleRequest()
 4 SYSTEMPATH/Boot.php(312): CodeIgniter\CodeIgniter->run()
 5 SYSTEMPATH/Boot.php(67): CodeIgniter\Boot::runCodeIgniter()
 6 FCPATH/index.php(56): CodeIgniter\Boot::bootWeb()
